# JRE version: OpenJDK Runtime Environment (14.0.2+12) (build 14.0.2+12-46)
# Java VM: OpenJDK 64-Bit Server VM (14.0.2+12-46, mixed mode, tiered, compressed oops, g1 gc, windows-amd64)
Heap:
 garbage-first heap   total 96256K, used 65865K [0x0000000082600000, 0x0000000100000000)
  region size 1024K, 37 young (37888K), 2 survivors (2048K)
 Metaspace       used 64991K, capacity 66661K, committed 66816K, reserved 1107968K
  class space    used 8521K, capacity 9166K, committed 9216K, reserved 1048576K
GC Heap History (20 events):
Event: 2.752 GC heap before
{Heap before GC invocations=15 (full 0):
 garbage-first heap   total 66560K, used 52778K [0x0000000082600000, 0x0000000100000000)
  region size 1024K, 38 young (38912K), 3 survivors (3072K)
 Metaspace       used 41085K, capacity 42229K, committed 42368K, reserved 1085440K
  class space    used 5292K, capacity 5729K, committed 5760K, reserved 1048576K
}
Event: 2.758 GC heap after
{Heap after GC invocations=16 (full 0):
 garbage-first heap   total 66560K, used 18733K [0x0000000082600000, 0x0000000100000000)
  region size 1024K, 5 young (5120K), 5 survivors (5120K)
 Metaspace       used 41085K, capacity 42229K, committed 42368K, reserved 1085440K
  class space    used 5292K, capacity 5729K, committed 5760K, reserved 1048576K
}
Event: 2.917 GC heap before
{Heap before GC invocations=16 (full 0):
 garbage-first heap   total 66560K, used 50477K [0x0000000082600000, 0x0000000100000000)
  region size 1024K, 37 young (37888K), 5 survivors (5120K)
 Metaspace       used 44878K, capacity 46055K, committed 46208K, reserved 1089536K
  class space    used 5734K, capacity 6172K, committed 6272K, reserved 1048576K
}
Event: 2.921 GC heap after
{Heap after GC invocations=17 (full 0):
 garbage-first heap   total 79872K, used 21787K [0x0000000082600000, 0x0000000100000000)
  region size 1024K, 5 young (5120K), 5 survivors (5120K)
 Metaspace       used 44878K, capacity 46055K, committed 46208K, reserved 1089536K
  class space    used 5734K, capacity 6172K, committed 6272K, reserved 1048576K
}
Event: 3.102 GC heap before
{Heap before GC invocations=17 (full 0):
 garbage-first heap   total 79872K, used 62747K [0x0000000082600000, 0x0000000100000000)
  region size 1024K, 45 young (46080K), 5 survivors (5120K)
 Metaspace       used 48465K, capacity 49757K, committed 50048K, reserved 1093632K
  class space    used 6214K, capacity 6719K, committed 6784K, reserved 1048576K
}
Event: 3.106 GC heap after
{Heap after GC invocations=18 (full 0):
 garbage-first heap   total 79872K, used 24134K [0x0000000082600000, 0x0000000100000000)
  region size 1024K, 6 young (6144K), 6 survivors (6144K)
 Metaspace       used 48465K, capacity 49757K, committed 50048K, reserved 1093632K
  class space    used 6214K, capacity 6719K, committed 6784K, reserved 1048576K
}
Event: 3.389 GC heap before
{Heap before GC invocations=18 (full 0):
 garbage-first heap   total 79872K, used 62022K [0x0000000082600000, 0x0000000100000000)
  region size 1024K, 43 young (44032K), 6 survivors (6144K)
 Metaspace       used 52590K, capacity 53917K, committed 54016K, reserved 1095680K
  class space    used 6875K, capacity 7379K, committed 7424K, reserved 1048576K
}
Event: 3.393 GC heap after
{Heap after GC invocations=19 (full 0):
 garbage-first heap   total 79872K, used 25555K [0x0000000082600000, 0x0000000100000000)
  region size 1024K, 4 young (4096K), 4 survivors (4096K)
 Metaspace       used 52590K, capacity 53917K, committed 54016K, reserved 1095680K
  class space    used 6875K, capacity 7379K, committed 7424K, reserved 1048576K
}
Event: 4.332 GC heap before
{Heap before GC invocations=19 (full 0):
 garbage-first heap   total 79872K, used 63443K [0x0000000082600000, 0x0000000100000000)
  region size 1024K, 41 young (41984K), 4 survivors (4096K)
 Metaspace       used 56482K, capacity 57983K, committed 58240K, reserved 1099776K
  class space    used 7420K, capacity 7969K, committed 8064K, reserved 1048576K
}
Event: 4.336 GC heap after
{Heap after GC invocations=20 (full 0):
 garbage-first heap   total 79872K, used 26878K [0x0000000082600000, 0x0000000100000000)
  region size 1024K, 3 young (3072K), 3 survivors (3072K)
 Metaspace       used 56482K, capacity 57983K, committed 58240K, reserved 1099776K
  class space    used 7420K, capacity 7969K, committed 8064K, reserved 1048576K
}
Event: 4.782 GC heap before
{Heap before GC invocations=20 (full 0):
 garbage-first heap   total 79872K, used 49406K [0x0000000082600000, 0x0000000100000000)
  region size 1024K, 26 young (26624K), 3 survivors (3072K)
 Metaspace       used 58453K, capacity 59911K, committed 60160K, reserved 1101824K
  class space    used 7640K, capacity 8182K, committed 8192K, reserved 1048576K
}
Event: 4.786 GC heap after
{Heap after GC invocations=21 (full 0):
 garbage-first heap   total 96256K, used 27637K [0x0000000082600000, 0x0000000100000000)
  region size 1024K, 3 young (3072K), 3 survivors (3072K)
 Metaspace       used 58453K, capacity 59911K, committed 60160K, reserved 1101824K
  class space    used 7640K, capacity 8182K, committed 8192K, reserved 1048576K
}
Event: 33.905 GC heap before
{Heap before GC invocations=22 (full 0):
 garbage-first heap   total 96256K, used 76789K [0x0000000082600000, 0x0000000100000000)
  region size 1024K, 51 young (52224K), 3 survivors (3072K)
 Metaspace       used 63595K, capacity 65131K, committed 65280K, reserved 1105920K
  class space    used 8326K, capacity 8896K, committed 8960K, reserved 1048576K
}
Event: 33.909 GC heap after
{Heap after GC invocations=23 (full 0):
 garbage-first heap   total 96256K, used 30327K [0x0000000082600000, 0x0000000100000000)
  region size 1024K, 5 young (5120K), 5 survivors (5120K)
 Metaspace       used 63595K, capacity 65131K, committed 65280K, reserved 1105920K
  class space    used 8326K, capacity 8896K, committed 8960K, reserved 1048576K
}
Event: 1494.201 GC heap before
{Heap before GC invocations=23 (full 0):
 garbage-first heap   total 96256K, used 80503K [0x0000000082600000, 0x0000000100000000)
  region size 1024K, 51 young (52224K), 5 survivors (5120K)
 Metaspace       used 64671K, capacity 66300K, committed 66432K, reserved 1105920K
  class space    used 8477K, capacity 9068K, committed 9088K, reserved 1048576K
}
Event: 1494.205 GC heap after
{Heap after GC invocations=24 (full 0):
 garbage-first heap   total 96256K, used 31616K [0x0000000082600000, 0x0000000100000000)
  region size 1024K, 5 young (5120K), 5 survivors (5120K)
 Metaspace       used 64671K, capacity 66300K, committed 66432K, reserved 1105920K
  class space    used 8477K, capacity 9068K, committed 9088K, reserved 1048576K
}
Event: 1756.492 GC heap before
{Heap before GC invocations=24 (full 0):
 garbage-first heap   total 96256K, used 76672K [0x0000000082600000, 0x0000000100000000)
  region size 1024K, 50 young (51200K), 5 survivors (5120K)
 Metaspace       used 64815K, capacity 66441K, committed 66560K, reserved 1105920K
  class space    used 8499K, capacity 9114K, committed 9216K, reserved 1048576K
}
Event: 1756.496 GC heap after
{Heap after GC invocations=25 (full 0):
 garbage-first heap   total 96256K, used 31794K [0x0000000082600000, 0x0000000100000000)
  region size 1024K, 2 young (2048K), 2 survivors (2048K)
 Metaspace       used 64815K, capacity 66441K, committed 66560K, reserved 1105920K
  class space    used 8499K, capacity 9114K, committed 9216K, reserved 1048576K
}
Event: 2414.389 GC heap before
{Heap before GC invocations=25 (full 0):
 garbage-first heap   total 96256K, used 78898K [0x0000000082600000, 0x0000000100000000)
  region size 1024K, 48 young (49152K), 2 survivors (2048K)
 Metaspace       used 64901K, capacity 66544K, committed 66816K, reserved 1107968K
  class space    used 8508K, capacity 9126K, committed 9216K, reserved 1048576K
}
Event: 2414.391 GC heap after
{Heap after GC invocations=26 (full 0):
 garbage-first heap   total 96256K, used 32073K [0x0000000082600000, 0x0000000100000000)
  region size 1024K, 2 young (2048K), 2 survivors (2048K)
 Metaspace       used 64901K, capacity 66544K, committed 66816K, reserved 1107968K
  class space    used 8508K, capacity 9126K, committed 9216K, reserved 1048576K
}

